2019-08-20 11:01:54,910 INFO o.a.j.u.JMeterUtils: Setting Locale to en_EN
2019-08-20 11:01:54,936 INFO o.a.j.JMeter: Loading user properties from: /usr/local/Cellar/jmeter/5.1.1/libexec/bin/user.properties
2019-08-20 11:01:54,937 INFO o.a.j.JMeter: Loading system properties from: /usr/local/Cellar/jmeter/5.1.1/libexec/bin/system.properties
2019-08-20 11:01:54,943 INFO o.a.j.JMeter: Copyright (c) 1998-2019 The Apache Software Foundation
2019-08-20 11:01:54,943 INFO o.a.j.JMeter: Version 5.1.1 r1855137
2019-08-20 11:01:54,943 INFO o.a.j.JMeter: java.version=12.0.1
2019-08-20 11:01:54,943 INFO o.a.j.JMeter: java.vm.name=Java HotSpot(TM) 64-Bit Server VM
2019-08-20 11:01:54,943 INFO o.a.j.JMeter: os.name=Mac OS X
2019-08-20 11:01:54,944 INFO o.a.j.JMeter: os.arch=x86_64
2019-08-20 11:01:54,944 INFO o.a.j.JMeter: os.version=10.14.5
2019-08-20 11:01:54,944 INFO o.a.j.JMeter: file.encoding=UTF-8
2019-08-20 11:01:54,944 INFO o.a.j.JMeter: java.awt.headless=null
2019-08-20 11:01:54,944 INFO o.a.j.JMeter: Max memory     =1073741824
2019-08-20 11:01:54,944 INFO o.a.j.JMeter: Available Processors =4
2019-08-20 11:01:54,956 INFO o.a.j.JMeter: Default Locale=English (EN)
2019-08-20 11:01:54,956 INFO o.a.j.JMeter: JMeter  Locale=English (EN)
2019-08-20 11:01:54,956 INFO o.a.j.JMeter: JMeterHome=/usr/local/Cellar/jmeter/5.1.1/libexec
2019-08-20 11:01:54,956 INFO o.a.j.JMeter: user.dir  =/Users/bocai/Notebook/company
2019-08-20 11:01:54,956 INFO o.a.j.JMeter: PWD       =/Users/bocai/Notebook/company
2019-08-20 11:01:54,964 INFO o.a.j.JMeter: IP: 127.0.0.1 Name: localhost FullName: localhost
